Connected to smtps://smtp.gmail.com:465/
S: 220 smtp.gmail.com ESMTP z7sm9375683pfz.24 - gsmtp
C: EHLO [IPv6:2401:4900:c03:669:a005:36e5:2851:7aa0]
S: 250-smtp.gmail.com at your service, [2401:4900:c03:669:a005:36e5:2851:7aa0]
S: 250-SIZE 35882577
S: 250-8BITMIME
S: 250-AUTH LOGIN PLAIN XOAUTH2 PLAIN-CLIENTTOKEN OAUTHBEARER XOAUTH
S: 250-ENHANCEDSTATUSCODES
S: 250-PIPELINING
S: 250-CHUNKING
S: 250 SMTPUTF8
C: AUTH PLAIN AHNvbWlsc2hhcm1hNjI3QGdtYWlsLmNvbQBEYWtzaHVwYWRoeWF5
S: 235 2.7.0 Accepted
C: MAIL FROM:<somilsharma627@gmail.com> SIZE=665
C: RCPT TO:<somilsharma0987@gmail.com>
S: 250 2.1.0 OK z7sm9375683pfz.24 - gsmtp
S: 250 2.1.5 OK z7sm9375683pfz.24 - gsmtp
C: DATA
S: 354  Go ahead z7sm9375683pfz.24 - gsmtp
C: From: weegee <somilsharma627@gmail.com>
C: Date: Sun, 05 Apr 2020 16:49:31 +0530
C: Subject: Verify your Email
C: Message-Id: <U59EKJYKAAU4.JXXN72WCL7YP1@weegees-macbook.local>
C: To: dummy-name <somilsharma0987@gmail.com>
C: MIME-Version: 1.0
C: Content-Type: text/html; charset=utf-8
C: 
C: Click here to verify your email <a href='http://localhost:8001/account/email-verification?token=CfDJ8M07dOJRRC5DngvRmZc0%2bsN9FClzNB%2fCBM450UxrxCDFvCGxBNdaCDlt2C9oiEJIIKWmv%2fs6jYsHTRTnpNhmv79DlUldEd1XI%2fOS%2bk8NYn9murDR8jjI%2bttcVBV3cgi09GqaDgFUy%2f6OiEbv6rx%2f6hIw0%2fFJ5KtOf%2bUbyHUlXA5Ab1oIUTBAyBaEpWjYWMbfWw%3d%3d&email=somilsharma0987%40gmail.com&returnurl=$%2findex'>Verify</a>
C: .
S: 250 2.0.0 OK  1586085579 z7sm9375683pfz.24 - gsmtp
C: QUIT
S: 221 2.0.0 closing connection z7sm9375683pfz.24 - gsmtp
